<?xml version="1.0" encoding="UTF-8" ?>
<testsuites disabled="5" errors="0" failures="1" tests="6" time="13.158">
 <testsuite name="Yandex homepage" timestamp="2019-08-19T11:05:52" hostname="localhost" time="6.579" errors="0" tests="0" skipped="0" disabled="0" failures="0">
 </testsuite>
 <testsuite name="Yandex homepage.Yandex - mail" timestamp="2019-08-19T11:05:52" hostname="localhost" time="0.015" errors="0" tests="4" skipped="0" disabled="4" failures="0">
  <testcase classname="Yandex homepage.Yandex - mail" name="should redirect to the login page" time="0.001">
   <skipped />
  </testcase>
  <testcase classname="Yandex homepage.Yandex - mail" name="should return to the home page after logout" time="0.001">
   <skipped />
  </testcase>
  <testcase classname="Yandex homepage.Yandex - mail" name="should warn on invalid password" time="0">
   <skipped />
  </testcase>
  <testcase classname="Yandex homepage.Yandex - mail" name="should warn on invalid login" time="0">
   <skipped />
  </testcase>
 </testsuite>
 <testsuite name="Yandex homepage.Yandex - navigation" timestamp="2019-08-19T11:05:52" hostname="localhost" time="0.033" errors="0" tests="1" skipped="0" disabled="1" failures="0">
  <testcase classname="Yandex homepage.Yandex - navigation" name="should redirect by links" time="0">
   <skipped />
  </testcase>
 </testsuite>
 <testsuite name="Yandex homepage.Yandex - change language" timestamp="2019-08-19T11:05:52" hostname="localhost" time="6.531" errors="0" tests="1" skipped="0" disabled="0" failures="1">
  <testcase classname="Yandex homepage.Yandex - change language" name="Should change language" time="6.527">
   <failure type="toEqual" message="Expected &apos;Rus&apos; to equal &apos;Eng&apos;."><![CDATA[Error: Failed expectation
    at UserContext.<anonymous> (D:\QA\aqa-selenium-wd\tests\spec.js:127:30)
    at process._tickCallback (internal/process/next_tick.js:68:7)]]>
   </failure>
  </testcase>
 </testsuite>
</testsuites>